# JRE version: OpenJDK Runtime Environment Microsoft-10376486 (17.0.13+11) (build 17.0.13+11-LTS)
# Java VM: OpenJDK 64-Bit Server VM Microsoft-10376486 (17.0.13+11-LTS, mixed mode, sharing, tiered, compressed oops, compressed class ptrs, g1 gc, windows-amd64)
GC Precious Log:
 CPUs: 2 total, 2 available
 Memory: 8055M
 Large Page Support: Disabled
 NUMA Support: Disabled
 Compressed Oops: Enabled (32-bit)
 Heap Region Size: 1M
 Heap Min Capacity: 8M
 Heap Initial Capacity: 126M
 Heap Max Capacity: 2G
 Pre-touch: Disabled
 Parallel Workers: 2
 Concurrent Workers: 1
 Concurrent Refinement Workers: 2
 Periodic GC: Disabled
Heap:
 garbage-first heap   total 92160K, used 34351K [0x0000000080000000, 0x0000000100000000)
  region size 1024K, 4 young (4096K), 3 survivors (3072K)
 Metaspace       used 37229K, committed 37760K, reserved 491520K
  class space    used 5162K, committed 5440K, reserved 425984K
GC Heap History (20 events):
Event: 11.156 GC heap before
{Heap before GC invocations=0 (full 0):
 garbage-first heap   total 129024K, used 5120K [0x0000000080000000, 0x0000000100000000)
  region size 1024K, 6 young (6144K), 0 survivors (0K)
 Metaspace       used 703K, committed 832K, reserved 491520K
  class space    used 61K, committed 128K, reserved 425984K
}
Event: 12.063 GC heap after
{Heap after GC invocations=1 (full 0):
 garbage-first heap   total 129024K, used 1224K [0x0000000080000000, 0x0000000100000000)
  region size 1024K, 1 young (1024K), 1 survivors (1024K)
 Metaspace       used 703K, committed 832K, reserved 491520K
  class space    used 61K, committed 128K, reserved 425984K
}
Event: 13.292 GC heap before
{Heap before GC invocations=1 (full 0):
 garbage-first heap   total 129024K, used 7368K [0x0000000080000000, 0x0000000100000000)
  region size 1024K, 7 young (7168K), 1 survivors (1024K)
 Metaspace       used 729K, committed 832K, reserved 491520K
  class space    used 61K, committed 128K, reserved 425984K
}
Event: 13.343 GC heap after
{Heap after GC invocations=2 (full 0):
 garbage-first heap   total 129024K, used 1234K [0x0000000080000000, 0x0000000100000000)
  region size 1024K, 1 young (1024K), 1 survivors (1024K)
 Metaspace       used 729K, committed 832K, reserved 491520K
  class space    used 61K, committed 128K, reserved 425984K
}
Event: 37.866 GC heap before
{Heap before GC invocations=2 (full 0):
 garbage-first heap   total 129024K, used 17618K [0x0000000080000000, 0x0000000100000000)
  region size 1024K, 14 young (14336K), 1 survivors (1024K)
 Metaspace       used 1147K, committed 1280K, reserved 491520K
  class space    used 78K, committed 128K, reserved 425984K
}
Event: 37.869 GC heap after
{Heap after GC invocations=3 (full 0):
 garbage-first heap   total 129024K, used 10580K [0x0000000080000000, 0x0000000100000000)
  region size 1024K, 2 young (2048K), 2 survivors (2048K)
 Metaspace       used 1147K, committed 1280K, reserved 491520K
  class space    used 78K, committed 128K, reserved 425984K
}
Event: 66.177 GC heap before
{Heap before GC invocations=3 (full 0):
 garbage-first heap   total 129024K, used 87380K [0x0000000080000000, 0x0000000100000000)
  region size 1024K, 75 young (76800K), 2 survivors (2048K)
 Metaspace       used 4991K, committed 5184K, reserved 491520K
  class space    used 645K, committed 768K, reserved 425984K
}
Event: 66.185 GC heap after
{Heap after GC invocations=4 (full 0):
 garbage-first heap   total 129024K, used 17577K [0x0000000080000000, 0x0000000100000000)
  region size 1024K, 8 young (8192K), 8 survivors (8192K)
 Metaspace       used 4991K, committed 5184K, reserved 491520K
  class space    used 645K, committed 768K, reserved 425984K
}
Event: 139.418 GC heap before
{Heap before GC invocations=4 (full 0):
 garbage-first heap   total 129024K, used 86185K [0x0000000080000000, 0x0000000100000000)
  region size 1024K, 75 young (76800K), 8 survivors (8192K)
 Metaspace       used 16785K, committed 17088K, reserved 491520K
  class space    used 2345K, committed 2496K, reserved 425984K
}
Event: 139.433 GC heap after
{Heap after GC invocations=5 (full 0):
 garbage-first heap   total 129024K, used 23152K [0x0000000080000000, 0x0000000100000000)
  region size 1024K, 6 young (6144K), 6 survivors (6144K)
 Metaspace       used 16785K, committed 17088K, reserved 491520K
  class space    used 2345K, committed 2496K, reserved 425984K
}
Event: 158.625 GC heap before
{Heap before GC invocations=5 (full 0):
 garbage-first heap   total 129024K, used 61040K [0x0000000080000000, 0x0000000100000000)
  region size 1024K, 44 young (45056K), 6 survivors (6144K)
 Metaspace       used 21206K, committed 21504K, reserved 491520K
  class space    used 3050K, committed 3200K, reserved 425984K
}
Event: 158.640 GC heap after
{Heap after GC invocations=6 (full 0):
 garbage-first heap   total 129024K, used 25327K [0x0000000080000000, 0x0000000100000000)
  region size 1024K, 8 young (8192K), 8 survivors (8192K)
 Metaspace       used 21206K, committed 21504K, reserved 491520K
  class space    used 3050K, committed 3200K, reserved 425984K
}
Event: 178.255 GC heap before
{Heap before GC invocations=7 (full 0):
 garbage-first heap   total 92160K, used 72431K [0x0000000080000000, 0x0000000100000000)
  region size 1024K, 54 young (55296K), 8 survivors (8192K)
 Metaspace       used 26734K, committed 27072K, reserved 491520K
  class space    used 3906K, committed 4032K, reserved 425984K
}
Event: 178.273 GC heap after
{Heap after GC invocations=8 (full 0):
 garbage-first heap   total 92160K, used 27118K [0x0000000080000000, 0x0000000100000000)
  region size 1024K, 5 young (5120K), 5 survivors (5120K)
 Metaspace       used 26734K, committed 27072K, reserved 491520K
  class space    used 3906K, committed 4032K, reserved 425984K
}
Event: 195.568 GC heap before
{Heap before GC invocations=8 (full 0):
 garbage-first heap   total 92160K, used 69102K [0x0000000080000000, 0x0000000100000000)
  region size 1024K, 47 young (48128K), 5 survivors (5120K)
 Metaspace       used 32340K, committed 32704K, reserved 491520K
  class space    used 4507K, committed 4672K, reserved 425984K
}
Event: 195.579 GC heap after
{Heap after GC invocations=9 (full 0):
 garbage-first heap   total 92160K, used 31862K [0x0000000080000000, 0x0000000100000000)
  region size 1024K, 6 young (6144K), 6 survivors (6144K)
 Metaspace       used 32340K, committed 32704K, reserved 491520K
  class space    used 4507K, committed 4672K, reserved 425984K
}
Event: 222.620 GC heap before
{Heap before GC invocations=9 (full 0):
 garbage-first heap   total 92160K, used 62582K [0x0000000080000000, 0x0000000100000000)
  region size 1024K, 32 young (32768K), 6 survivors (6144K)
 Metaspace       used 35678K, committed 36096K, reserved 491520K
  class space    used 4920K, committed 5120K, reserved 425984K
}
Event: 222.640 GC heap after
{Heap after GC invocations=10 (full 0):
 garbage-first heap   total 92160K, used 33327K [0x0000000080000000, 0x0000000100000000)
  region size 1024K, 2 young (2048K), 2 survivors (2048K)
 Metaspace       used 35678K, committed 36096K, reserved 491520K
  class space    used 4920K, committed 5120K, reserved 425984K
}
Event: 245.730 GC heap before
{Heap before GC invocations=11 (full 0):
 garbage-first heap   total 92160K, used 71215K [0x0000000080000000, 0x0000000100000000)
  region size 1024K, 39 young (39936K), 2 survivors (2048K)
 Metaspace       used 37209K, committed 37760K, reserved 491520K
  class space    used 5159K, committed 5440K, reserved 425984K
}
Event: 245.805 GC heap after
{Heap after GC invocations=12 (full 0):
 garbage-first heap   total 92160K, used 34351K [0x0000000080000000, 0x0000000100000000)
  region size 1024K, 3 young (3072K), 3 survivors (3072K)
 Metaspace       used 37209K, committed 37760K, reserved 491520K
  class space    used 5159K, committed 5440K, reserved 425984K
}

