# JRE version: OpenJDK Runtime Environment Microsoft-10376486 (17.0.13+11) (build 17.0.13+11-LTS)
# Java VM: OpenJDK 64-Bit Server VM Microsoft-10376486 (17.0.13+11-LTS, mixed mode, sharing, tiered, compressed oops, compressed class ptrs, g1 gc, windows-amd64)
GC Precious Log:
 CPUs: 2 total, 2 available
 Memory: 8055M
 Large Page Support: Disabled
 NUMA Support: Disabled
 Compressed Oops: Enabled (32-bit)
 Heap Region Size: 1M
 Heap Min Capacity: 8M
 Heap Initial Capacity: 126M
 Heap Max Capacity: 2G
 Pre-touch: Disabled
 Parallel Workers: 2
 Concurrent Workers: 1
 Concurrent Refinement Workers: 2
 Periodic GC: Disabled
Heap:
 garbage-first heap   total 92160K, used 38702K [0x0000000080000000, 0x0000000100000000)
  region size 1024K, 9 young (9216K), 3 survivors (3072K)
 Metaspace       used 36331K, committed 36736K, reserved 491520K
  class space    used 5029K, committed 5184K, reserved 425984K
GC Heap History (18 events):
Event: 18.236 GC heap before
{Heap before GC invocations=0 (full 0):
 garbage-first heap   total 129024K, used 5120K [0x0000000080000000, 0x0000000100000000)
  region size 1024K, 6 young (6144K), 0 survivors (0K)
 Metaspace       used 703K, committed 832K, reserved 491520K
  class space    used 61K, committed 128K, reserved 425984K
}
Event: 19.630 GC heap after
{Heap after GC invocations=1 (full 0):
 garbage-first heap   total 129024K, used 1224K [0x0000000080000000, 0x0000000100000000)
  region size 1024K, 1 young (1024K), 1 survivors (1024K)
 Metaspace       used 703K, committed 832K, reserved 491520K
  class space    used 61K, committed 128K, reserved 425984K
}
Event: 24.992 GC heap before
{Heap before GC invocations=1 (full 0):
 garbage-first heap   total 129024K, used 7368K [0x0000000080000000, 0x0000000100000000)
  region size 1024K, 7 young (7168K), 1 survivors (1024K)
 Metaspace       used 759K, committed 896K, reserved 491520K
  class space    used 61K, committed 128K, reserved 425984K
}
Event: 24.993 GC heap after
{Heap after GC invocations=2 (full 0):
 garbage-first heap   total 129024K, used 1309K [0x0000000080000000, 0x0000000100000000)
  region size 1024K, 1 young (1024K), 1 survivors (1024K)
 Metaspace       used 759K, committed 896K, reserved 491520K
  class space    used 61K, committed 128K, reserved 425984K
}
Event: 60.236 GC heap before
{Heap before GC invocations=2 (full 0):
 garbage-first heap   total 129024K, used 18717K [0x0000000080000000, 0x0000000100000000)
  region size 1024K, 15 young (15360K), 1 survivors (1024K)
 Metaspace       used 1429K, committed 1536K, reserved 491520K
  class space    used 120K, committed 192K, reserved 425984K
}
Event: 60.240 GC heap after
{Heap after GC invocations=3 (full 0):
 garbage-first heap   total 129024K, used 10851K [0x0000000080000000, 0x0000000100000000)
  region size 1024K, 2 young (2048K), 2 survivors (2048K)
 Metaspace       used 1429K, committed 1536K, reserved 491520K
  class space    used 120K, committed 192K, reserved 425984K
}
Event: 94.285 GC heap before
{Heap before GC invocations=3 (full 0):
 garbage-first heap   total 129024K, used 87651K [0x0000000080000000, 0x0000000100000000)
  region size 1024K, 75 young (76800K), 2 survivors (2048K)
 Metaspace       used 5130K, committed 5312K, reserved 491520K
  class space    used 671K, committed 768K, reserved 425984K
}
Event: 94.293 GC heap after
{Heap after GC invocations=4 (full 0):
 garbage-first heap   total 129024K, used 17907K [0x0000000080000000, 0x0000000100000000)
  region size 1024K, 8 young (8192K), 8 survivors (8192K)
 Metaspace       used 5130K, committed 5312K, reserved 491520K
  class space    used 671K, committed 768K, reserved 425984K
}
Event: 142.301 GC heap before
{Heap before GC invocations=4 (full 0):
 garbage-first heap   total 129024K, used 86515K [0x0000000080000000, 0x0000000100000000)
  region size 1024K, 75 young (76800K), 8 survivors (8192K)
 Metaspace       used 17057K, committed 17408K, reserved 491520K
  class space    used 2400K, committed 2560K, reserved 425984K
}
Event: 142.365 GC heap after
{Heap after GC invocations=5 (full 0):
 garbage-first heap   total 129024K, used 23278K [0x0000000080000000, 0x0000000100000000)
  region size 1024K, 6 young (6144K), 6 survivors (6144K)
 Metaspace       used 17057K, committed 17408K, reserved 491520K
  class space    used 2400K, committed 2560K, reserved 425984K
}
Event: 159.437 GC heap before
{Heap before GC invocations=5 (full 0):
 garbage-first heap   total 129024K, used 59118K [0x0000000080000000, 0x0000000100000000)
  region size 1024K, 42 young (43008K), 6 survivors (6144K)
 Metaspace       used 21230K, committed 21504K, reserved 491520K
  class space    used 3057K, committed 3200K, reserved 425984K
}
Event: 159.446 GC heap after
{Heap after GC invocations=6 (full 0):
 garbage-first heap   total 129024K, used 25416K [0x0000000080000000, 0x0000000100000000)
  region size 1024K, 8 young (8192K), 8 survivors (8192K)
 Metaspace       used 21230K, committed 21504K, reserved 491520K
  class space    used 3057K, committed 3200K, reserved 425984K
}
Event: 185.030 GC heap before
{Heap before GC invocations=7 (full 0):
 garbage-first heap   total 92160K, used 72520K [0x0000000080000000, 0x0000000100000000)
  region size 1024K, 54 young (55296K), 8 survivors (8192K)
 Metaspace       used 26823K, committed 27136K, reserved 491520K
  class space    used 3918K, committed 4032K, reserved 425984K
}
Event: 185.050 GC heap after
{Heap after GC invocations=8 (full 0):
 garbage-first heap   total 92160K, used 26872K [0x0000000080000000, 0x0000000100000000)
  region size 1024K, 4 young (4096K), 4 survivors (4096K)
 Metaspace       used 26823K, committed 27136K, reserved 491520K
  class space    used 3918K, committed 4032K, reserved 425984K
}
Event: 201.536 GC heap before
{Heap before GC invocations=8 (full 0):
 garbage-first heap   total 92160K, used 69880K [0x0000000080000000, 0x0000000100000000)
  region size 1024K, 47 young (48128K), 4 survivors (4096K)
 Metaspace       used 32550K, committed 32896K, reserved 491520K
  class space    used 4541K, committed 4736K, reserved 425984K
}
Event: 201.546 GC heap after
{Heap after GC invocations=9 (full 0):
 garbage-first heap   total 92160K, used 31556K [0x0000000080000000, 0x0000000100000000)
  region size 1024K, 6 young (6144K), 6 survivors (6144K)
 Metaspace       used 32550K, committed 32896K, reserved 491520K
  class space    used 4541K, committed 4736K, reserved 425984K
}
Event: 231.893 GC heap before
{Heap before GC invocations=9 (full 0):
 garbage-first heap   total 92160K, used 61252K [0x0000000080000000, 0x0000000100000000)
  region size 1024K, 32 young (32768K), 6 survivors (6144K)
 Metaspace       used 35729K, committed 36096K, reserved 491520K
  class space    used 4926K, committed 5120K, reserved 425984K
}
Event: 231.985 GC heap after
{Heap after GC invocations=10 (full 0):
 garbage-first heap   total 92160K, used 33582K [0x0000000080000000, 0x0000000100000000)
  region size 1024K, 3 young (3072K), 3 survivors (3072K)
 Metaspace       used 35729K, committed 36096K, reserved 491520K
  class space    used 4926K, committed 5120K, reserved 425984K
}

